[14-Apr-2024 03:53:40 UTC] PHP Warning:  Attempt to read property "id" on null in C:\Users\Shekhani Laptops\Local Sites\divi-theme\app\public\wp-includes\rest-api\endpoints\class-wp-rest-templates-controller.php on line 647
[14-Apr-2024 03:53:40 UTC] PHP Warning:  Attempt to read property "theme" on null in C:\Users\Shekhani Laptops\Local Sites\divi-theme\app\public\wp-includes\rest-api\endpoints\class-wp-rest-templates-controller.php on line 651
[14-Apr-2024 03:53:40 UTC] PHP Warning:  Attempt to read property "content" on null in C:\Users\Shekhani Laptops\Local Sites\divi-theme\app\public\wp-includes\rest-api\endpoints\class-wp-rest-templates-controller.php on line 658
[14-Apr-2024 03:53:40 UTC] PHP Warning:  Attempt to read property "content" on null in C:\Users\Shekhani Laptops\Local Sites\divi-theme\app\public\wp-includes\rest-api\endpoints\class-wp-rest-templates-controller.php on line 662
[14-Apr-2024 03:53:40 UTC] PHP Warning:  Attempt to read property "slug" on null in C:\Users\Shekhani Laptops\Local Sites\divi-theme\app\public\wp-includes\rest-api\endpoints\class-wp-rest-templates-controller.php on line 666
[14-Apr-2024 03:53:40 UTC] PHP Warning:  Attempt to read property "source" on null in C:\Users\Shekhani Laptops\Local Sites\divi-theme\app\public\wp-includes\rest-api\endpoints\class-wp-rest-templates-controller.php on line 670
[14-Apr-2024 03:53:40 UTC] PHP Warning:  Attempt to read property "origin" on null in C:\Users\Shekhani Laptops\Local Sites\divi-theme\app\public\wp-includes\rest-api\endpoints\class-wp-rest-templates-controller.php on line 674
[14-Apr-2024 03:53:40 UTC] PHP Warning:  Attempt to read property "type" on null in C:\Users\Shekhani Laptops\Local Sites\divi-theme\app\public\wp-includes\rest-api\endpoints\class-wp-rest-templates-controller.php on line 678
[14-Apr-2024 03:53:40 UTC] PHP Warning:  Attempt to read property "description" on null in C:\Users\Shekhani Laptops\Local Sites\divi-theme\app\public\wp-includes\rest-api\endpoints\class-wp-rest-templates-controller.php on line 682
[14-Apr-2024 03:53:40 UTC] PHP Warning:  Attempt to read property "title" on null in C:\Users\Shekhani Laptops\Local Sites\divi-theme\app\public\wp-includes\rest-api\endpoints\class-wp-rest-templates-controller.php on line 690
[14-Apr-2024 03:53:40 UTC] PHP Warning:  Attempt to read property "wp_id" on null in C:\Users\Shekhani Laptops\Local Sites\divi-theme\app\public\wp-includes\rest-api\endpoints\class-wp-rest-templates-controller.php on line 694
[14-Apr-2024 03:53:40 UTC] PHP Warning:  Attempt to read property "title" on null in C:\Users\Shekhani Laptops\Local Sites\divi-theme\app\public\wp-includes\rest-api\endpoints\class-wp-rest-templates-controller.php on line 698
[14-Apr-2024 03:53:40 UTC] PHP Warning:  Attempt to read property "status" on null in C:\Users\Shekhani Laptops\Local Sites\divi-theme\app\public\wp-includes\rest-api\endpoints\class-wp-rest-templates-controller.php on line 703
[14-Apr-2024 03:53:40 UTC] PHP Warning:  Attempt to read property "wp_id" on null in C:\Users\Shekhani Laptops\Local Sites\divi-theme\app\public\wp-includes\rest-api\endpoints\class-wp-rest-templates-controller.php on line 707
[14-Apr-2024 03:53:40 UTC] PHP Warning:  Attempt to read property "has_theme_file" on null in C:\Users\Shekhani Laptops\Local Sites\divi-theme\app\public\wp-includes\rest-api\endpoints\class-wp-rest-templates-controller.php on line 711
[14-Apr-2024 03:53:40 UTC] PHP Warning:  Attempt to read property "type" on null in C:\Users\Shekhani Laptops\Local Sites\divi-theme\app\public\wp-includes\rest-api\endpoints\class-wp-rest-templates-controller.php on line 714
[14-Apr-2024 03:53:40 UTC] PHP Warning:  Attempt to read property "author" on null in C:\Users\Shekhani Laptops\Local Sites\divi-theme\app\public\wp-includes\rest-api\endpoints\class-wp-rest-templates-controller.php on line 719
[14-Apr-2024 03:53:40 UTC] PHP Warning:  Attempt to read property "modified" on null in C:\Users\Shekhani Laptops\Local Sites\divi-theme\app\public\wp-includes\rest-api\endpoints\class-wp-rest-templates-controller.php on line 727
[14-Apr-2024 03:53:40 UTC] PHP Warning:  Attempt to read property "type" on null in C:\Users\Shekhani Laptops\Local Sites\divi-theme\app\public\wp-includes\rest-api\endpoints\class-wp-rest-templates-controller.php on line 769
[14-Apr-2024 03:53:40 UTC] PHP Warning:  Attempt to read property "type" on null in C:\Users\Shekhani Laptops\Local Sites\divi-theme\app\public\wp-includes\rest-api\endpoints\class-wp-rest-templates-controller.php on line 769
[14-Apr-2024 03:53:40 UTC] PHP Warning:  Attempt to read property "author" on null in C:\Users\Shekhani Laptops\Local Sites\divi-theme\app\public\wp-includes\rest-api\endpoints\class-wp-rest-templates-controller.php on line 829
[14-Apr-2024 03:53:40 UTC] PHP Warning:  Attempt to read property "type" on null in C:\Users\Shekhani Laptops\Local Sites\divi-theme\app\public\wp-includes\rest-api\endpoints\class-wp-rest-templates-controller.php on line 769
[14-Apr-2024 03:53:40 UTC] PHP Warning:  Attempt to read property "type" on null in C:\Users\Shekhani Laptops\Local Sites\divi-theme\app\public\wp-includes\rest-api\endpoints\class-wp-rest-templates-controller.php on line 769
[14-Apr-2024 03:53:40 UTC] PHP Warning:  Attempt to read property "id" on null in C:\Users\Shekhani Laptops\Local Sites\divi-theme\app\public\wp-includes\rest-api\endpoints\class-wp-rest-templates-controller.php on line 746
[14-Apr-2024 04:04:31 UTC] PHP Warning:  Attempt to read property "id" on null in C:\Users\Shekhani Laptops\Local Sites\divi-theme\app\public\wp-includes\rest-api\endpoints\class-wp-rest-templates-controller.php on line 647
[14-Apr-2024 04:04:31 UTC] PHP Warning:  Attempt to read property "theme" on null in C:\Users\Shekhani Laptops\Local Sites\divi-theme\app\public\wp-includes\rest-api\endpoints\class-wp-rest-templates-controller.php on line 651
[14-Apr-2024 04:04:31 UTC] PHP Warning:  Attempt to read property "content" on null in C:\Users\Shekhani Laptops\Local Sites\divi-theme\app\public\wp-includes\rest-api\endpoints\class-wp-rest-templates-controller.php on line 658
[14-Apr-2024 04:04:31 UTC] PHP Warning:  Attempt to read property "content" on null in C:\Users\Shekhani Laptops\Local Sites\divi-theme\app\public\wp-includes\rest-api\endpoints\class-wp-rest-templates-controller.php on line 662
[14-Apr-2024 04:04:31 UTC] PHP Warning:  Attempt to read property "slug" on null in C:\Users\Shekhani Laptops\Local Sites\divi-theme\app\public\wp-includes\rest-api\endpoints\class-wp-rest-templates-controller.php on line 666
[14-Apr-2024 04:04:31 UTC] PHP Warning:  Attempt to read property "source" on null in C:\Users\Shekhani Laptops\Local Sites\divi-theme\app\public\wp-includes\rest-api\endpoints\class-wp-rest-templates-controller.php on line 670
[14-Apr-2024 04:04:31 UTC] PHP Warning:  Attempt to read property "origin" on null in C:\Users\Shekhani Laptops\Local Sites\divi-theme\app\public\wp-includes\rest-api\endpoints\class-wp-rest-templates-controller.php on line 674
[14-Apr-2024 04:04:31 UTC] PHP Warning:  Attempt to read property "type" on null in C:\Users\Shekhani Laptops\Local Sites\divi-theme\app\public\wp-includes\rest-api\endpoints\class-wp-rest-templates-controller.php on line 678
[14-Apr-2024 04:04:31 UTC] PHP Warning:  Attempt to read property "description" on null in C:\Users\Shekhani Laptops\Local Sites\divi-theme\app\public\wp-includes\rest-api\endpoints\class-wp-rest-templates-controller.php on line 682
[14-Apr-2024 04:04:31 UTC] PHP Warning:  Attempt to read property "title" on null in C:\Users\Shekhani Laptops\Local Sites\divi-theme\app\public\wp-includes\rest-api\endpoints\class-wp-rest-templates-controller.php on line 690
[14-Apr-2024 04:04:31 UTC] PHP Warning:  Attempt to read property "wp_id" on null in C:\Users\Shekhani Laptops\Local Sites\divi-theme\app\public\wp-includes\rest-api\endpoints\class-wp-rest-templates-controller.php on line 694
[14-Apr-2024 04:04:31 UTC] PHP Warning:  Attempt to read property "title" on null in C:\Users\Shekhani Laptops\Local Sites\divi-theme\app\public\wp-includes\rest-api\endpoints\class-wp-rest-templates-controller.php on line 698
[14-Apr-2024 04:04:31 UTC] PHP Warning:  Attempt to read property "status" on null in C:\Users\Shekhani Laptops\Local Sites\divi-theme\app\public\wp-includes\rest-api\endpoints\class-wp-rest-templates-controller.php on line 703
[14-Apr-2024 04:04:31 UTC] PHP Warning:  Attempt to read property "wp_id" on null in C:\Users\Shekhani Laptops\Local Sites\divi-theme\app\public\wp-includes\rest-api\endpoints\class-wp-rest-templates-controller.php on line 707
[14-Apr-2024 04:04:31 UTC] PHP Warning:  Attempt to read property "has_theme_file" on null in C:\Users\Shekhani Laptops\Local Sites\divi-theme\app\public\wp-includes\rest-api\endpoints\class-wp-rest-templates-controller.php on line 711
[14-Apr-2024 04:04:31 UTC] PHP Warning:  Attempt to read property "type" on null in C:\Users\Shekhani Laptops\Local Sites\divi-theme\app\public\wp-includes\rest-api\endpoints\class-wp-rest-templates-controller.php on line 714
[14-Apr-2024 04:04:31 UTC] PHP Warning:  Attempt to read property "author" on null in C:\Users\Shekhani Laptops\Local Sites\divi-theme\app\public\wp-includes\rest-api\endpoints\class-wp-rest-templates-controller.php on line 719
[14-Apr-2024 04:04:31 UTC] PHP Warning:  Attempt to read property "modified" on null in C:\Users\Shekhani Laptops\Local Sites\divi-theme\app\public\wp-includes\rest-api\endpoints\class-wp-rest-templates-controller.php on line 727
[14-Apr-2024 04:04:31 UTC] PHP Warning:  Attempt to read property "type" on null in C:\Users\Shekhani Laptops\Local Sites\divi-theme\app\public\wp-includes\rest-api\endpoints\class-wp-rest-templates-controller.php on line 769
[14-Apr-2024 04:04:31 UTC] PHP Warning:  Attempt to read property "type" on null in C:\Users\Shekhani Laptops\Local Sites\divi-theme\app\public\wp-includes\rest-api\endpoints\class-wp-rest-templates-controller.php on line 769
[14-Apr-2024 04:04:31 UTC] PHP Warning:  Attempt to read property "author" on null in C:\Users\Shekhani Laptops\Local Sites\divi-theme\app\public\wp-includes\rest-api\endpoints\class-wp-rest-templates-controller.php on line 829
[14-Apr-2024 04:04:31 UTC] PHP Warning:  Attempt to read property "type" on null in C:\Users\Shekhani Laptops\Local Sites\divi-theme\app\public\wp-includes\rest-api\endpoints\class-wp-rest-templates-controller.php on line 769
[14-Apr-2024 04:04:31 UTC] PHP Warning:  Attempt to read property "type" on null in C:\Users\Shekhani Laptops\Local Sites\divi-theme\app\public\wp-includes\rest-api\endpoints\class-wp-rest-templates-controller.php on line 769
[14-Apr-2024 04:04:31 UTC] PHP Warning:  Attempt to read property "id" on null in C:\Users\Shekhani Laptops\Local Sites\divi-theme\app\public\wp-includes\rest-api\endpoints\class-wp-rest-templates-controller.php on line 746
[14-Apr-2024 04:04:34 UTC] PHP Warning:  Attempt to read property "id" on null in C:\Users\Shekhani Laptops\Local Sites\divi-theme\app\public\wp-includes\rest-api\endpoints\class-wp-rest-templates-controller.php on line 647
[14-Apr-2024 04:04:34 UTC] PHP Warning:  Attempt to read property "theme" on null in C:\Users\Shekhani Laptops\Local Sites\divi-theme\app\public\wp-includes\rest-api\endpoints\class-wp-rest-templates-controller.php on line 651
[14-Apr-2024 04:04:34 UTC] PHP Warning:  Attempt to read property "content" on null in C:\Users\Shekhani Laptops\Local Sites\divi-theme\app\public\wp-includes\rest-api\endpoints\class-wp-rest-templates-controller.php on line 658
[14-Apr-2024 04:04:34 UTC] PHP Warning:  Attempt to read property "content" on null in C:\Users\Shekhani Laptops\Local Sites\divi-theme\app\public\wp-includes\rest-api\endpoints\class-wp-rest-templates-controller.php on line 662
[14-Apr-2024 04:04:34 UTC] PHP Warning:  Attempt to read property "slug" on null in C:\Users\Shekhani Laptops\Local Sites\divi-theme\app\public\wp-includes\rest-api\endpoints\class-wp-rest-templates-controller.php on line 666
[14-Apr-2024 04:04:34 UTC] PHP Warning:  Attempt to read property "source" on null in C:\Users\Shekhani Laptops\Local Sites\divi-theme\app\public\wp-includes\rest-api\endpoints\class-wp-rest-templates-controller.php on line 670
[14-Apr-2024 04:04:34 UTC] PHP Warning:  Attempt to read property "origin" on null in C:\Users\Shekhani Laptops\Local Sites\divi-theme\app\public\wp-includes\rest-api\endpoints\class-wp-rest-templates-controller.php on line 674
[14-Apr-2024 04:04:34 UTC] PHP Warning:  Attempt to read property "type" on null in C:\Users\Shekhani Laptops\Local Sites\divi-theme\app\public\wp-includes\rest-api\endpoints\class-wp-rest-templates-controller.php on line 678
[14-Apr-2024 04:04:34 UTC] PHP Warning:  Attempt to read property "description" on null in C:\Users\Shekhani Laptops\Local Sites\divi-theme\app\public\wp-includes\rest-api\endpoints\class-wp-rest-templates-controller.php on line 682
[14-Apr-2024 04:04:34 UTC] PHP Warning:  Attempt to read property "title" on null in C:\Users\Shekhani Laptops\Local Sites\divi-theme\app\public\wp-includes\rest-api\endpoints\class-wp-rest-templates-controller.php on line 690
[14-Apr-2024 04:04:34 UTC] PHP Warning:  Attempt to read property "wp_id" on null in C:\Users\Shekhani Laptops\Local Sites\divi-theme\app\public\wp-includes\rest-api\endpoints\class-wp-rest-templates-controller.php on line 694
[14-Apr-2024 04:04:34 UTC] PHP Warning:  Attempt to read property "title" on null in C:\Users\Shekhani Laptops\Local Sites\divi-theme\app\public\wp-includes\rest-api\endpoints\class-wp-rest-templates-controller.php on line 698
[14-Apr-2024 04:04:34 UTC] PHP Warning:  Attempt to read property "status" on null in C:\Users\Shekhani Laptops\Local Sites\divi-theme\app\public\wp-includes\rest-api\endpoints\class-wp-rest-templates-controller.php on line 703
[14-Apr-2024 04:04:34 UTC] PHP Warning:  Attempt to read property "wp_id" on null in C:\Users\Shekhani Laptops\Local Sites\divi-theme\app\public\wp-includes\rest-api\endpoints\class-wp-rest-templates-controller.php on line 707
[14-Apr-2024 04:04:34 UTC] PHP Warning:  Attempt to read property "has_theme_file" on null in C:\Users\Shekhani Laptops\Local Sites\divi-theme\app\public\wp-includes\rest-api\endpoints\class-wp-rest-templates-controller.php on line 711
[14-Apr-2024 04:04:34 UTC] PHP Warning:  Attempt to read property "type" on null in C:\Users\Shekhani Laptops\Local Sites\divi-theme\app\public\wp-includes\rest-api\endpoints\class-wp-rest-templates-controller.php on line 714
[14-Apr-2024 04:04:34 UTC] PHP Warning:  Attempt to read property "author" on null in C:\Users\Shekhani Laptops\Local Sites\divi-theme\app\public\wp-includes\rest-api\endpoints\class-wp-rest-templates-controller.php on line 719
[14-Apr-2024 04:04:34 UTC] PHP Warning:  Attempt to read property "modified" on null in C:\Users\Shekhani Laptops\Local Sites\divi-theme\app\public\wp-includes\rest-api\endpoints\class-wp-rest-templates-controller.php on line 727
[14-Apr-2024 04:04:34 UTC] PHP Warning:  Attempt to read property "type" on null in C:\Users\Shekhani Laptops\Local Sites\divi-theme\app\public\wp-includes\rest-api\endpoints\class-wp-rest-templates-controller.php on line 769
[14-Apr-2024 04:04:34 UTC] PHP Warning:  Attempt to read property "type" on null in C:\Users\Shekhani Laptops\Local Sites\divi-theme\app\public\wp-includes\rest-api\endpoints\class-wp-rest-templates-controller.php on line 769
[14-Apr-2024 04:04:34 UTC] PHP Warning:  Attempt to read property "author" on null in C:\Users\Shekhani Laptops\Local Sites\divi-theme\app\public\wp-includes\rest-api\endpoints\class-wp-rest-templates-controller.php on line 829
[14-Apr-2024 04:04:34 UTC] PHP Warning:  Attempt to read property "type" on null in C:\Users\Shekhani Laptops\Local Sites\divi-theme\app\public\wp-includes\rest-api\endpoints\class-wp-rest-templates-controller.php on line 769
[14-Apr-2024 04:04:34 UTC] PHP Warning:  Attempt to read property "type" on null in C:\Users\Shekhani Laptops\Local Sites\divi-theme\app\public\wp-includes\rest-api\endpoints\class-wp-rest-templates-controller.php on line 769
[14-Apr-2024 04:04:34 UTC] PHP Warning:  Attempt to read property "id" on null in C:\Users\Shekhani Laptops\Local Sites\divi-theme\app\public\wp-includes\rest-api\endpoints\class-wp-rest-templates-controller.php on line 746
[14-Apr-2024 04:04:36 UTC] PHP Warning:  Attempt to read property "id" on null in C:\Users\Shekhani Laptops\Local Sites\divi-theme\app\public\wp-includes\rest-api\endpoints\class-wp-rest-templates-controller.php on line 647
[14-Apr-2024 04:04:36 UTC] PHP Warning:  Attempt to read property "theme" on null in C:\Users\Shekhani Laptops\Local Sites\divi-theme\app\public\wp-includes\rest-api\endpoints\class-wp-rest-templates-controller.php on line 651
[14-Apr-2024 04:04:36 UTC] PHP Warning:  Attempt to read property "content" on null in C:\Users\Shekhani Laptops\Local Sites\divi-theme\app\public\wp-includes\rest-api\endpoints\class-wp-rest-templates-controller.php on line 658
[14-Apr-2024 04:04:36 UTC] PHP Warning:  Attempt to read property "content" on null in C:\Users\Shekhani Laptops\Local Sites\divi-theme\app\public\wp-includes\rest-api\endpoints\class-wp-rest-templates-controller.php on line 662
[14-Apr-2024 04:04:36 UTC] PHP Warning:  Attempt to read property "slug" on null in C:\Users\Shekhani Laptops\Local Sites\divi-theme\app\public\wp-includes\rest-api\endpoints\class-wp-rest-templates-controller.php on line 666
[14-Apr-2024 04:04:36 UTC] PHP Warning:  Attempt to read property "source" on null in C:\Users\Shekhani Laptops\Local Sites\divi-theme\app\public\wp-includes\rest-api\endpoints\class-wp-rest-templates-controller.php on line 670
[14-Apr-2024 04:04:36 UTC] PHP Warning:  Attempt to read property "origin" on null in C:\Users\Shekhani Laptops\Local Sites\divi-theme\app\public\wp-includes\rest-api\endpoints\class-wp-rest-templates-controller.php on line 674
[14-Apr-2024 04:04:36 UTC] PHP Warning:  Attempt to read property "type" on null in C:\Users\Shekhani Laptops\Local Sites\divi-theme\app\public\wp-includes\rest-api\endpoints\class-wp-rest-templates-controller.php on line 678
[14-Apr-2024 04:04:36 UTC] PHP Warning:  Attempt to read property "description" on null in C:\Users\Shekhani Laptops\Local Sites\divi-theme\app\public\wp-includes\rest-api\endpoints\class-wp-rest-templates-controller.php on line 682
[14-Apr-2024 04:04:36 UTC] PHP Warning:  Attempt to read property "title" on null in C:\Users\Shekhani Laptops\Local Sites\divi-theme\app\public\wp-includes\rest-api\endpoints\class-wp-rest-templates-controller.php on line 690
[14-Apr-2024 04:04:36 UTC] PHP Warning:  Attempt to read property "wp_id" on null in C:\Users\Shekhani Laptops\Local Sites\divi-theme\app\public\wp-includes\rest-api\endpoints\class-wp-rest-templates-controller.php on line 694
[14-Apr-2024 04:04:36 UTC] PHP Warning:  Attempt to read property "title" on null in C:\Users\Shekhani Laptops\Local Sites\divi-theme\app\public\wp-includes\rest-api\endpoints\class-wp-rest-templates-controller.php on line 698
[14-Apr-2024 04:04:36 UTC] PHP Warning:  Attempt to read property "status" on null in C:\Users\Shekhani Laptops\Local Sites\divi-theme\app\public\wp-includes\rest-api\endpoints\class-wp-rest-templates-controller.php on line 703
[14-Apr-2024 04:04:36 UTC] PHP Warning:  Attempt to read property "wp_id" on null in C:\Users\Shekhani Laptops\Local Sites\divi-theme\app\public\wp-includes\rest-api\endpoints\class-wp-rest-templates-controller.php on line 707
[14-Apr-2024 04:04:36 UTC] PHP Warning:  Attempt to read property "has_theme_file" on null in C:\Users\Shekhani Laptops\Local Sites\divi-theme\app\public\wp-includes\rest-api\endpoints\class-wp-rest-templates-controller.php on line 711
[14-Apr-2024 04:04:36 UTC] PHP Warning:  Attempt to read property "type" on null in C:\Users\Shekhani Laptops\Local Sites\divi-theme\app\public\wp-includes\rest-api\endpoints\class-wp-rest-templates-controller.php on line 714
[14-Apr-2024 04:04:36 UTC] PHP Warning:  Attempt to read property "author" on null in C:\Users\Shekhani Laptops\Local Sites\divi-theme\app\public\wp-includes\rest-api\endpoints\class-wp-rest-templates-controller.php on line 719
[14-Apr-2024 04:04:36 UTC] PHP Warning:  Attempt to read property "modified" on null in C:\Users\Shekhani Laptops\Local Sites\divi-theme\app\public\wp-includes\rest-api\endpoints\class-wp-rest-templates-controller.php on line 727
[14-Apr-2024 04:04:36 UTC] PHP Warning:  Attempt to read property "type" on null in C:\Users\Shekhani Laptops\Local Sites\divi-theme\app\public\wp-includes\rest-api\endpoints\class-wp-rest-templates-controller.php on line 769
[14-Apr-2024 04:04:36 UTC] PHP Warning:  Attempt to read property "type" on null in C:\Users\Shekhani Laptops\Local Sites\divi-theme\app\public\wp-includes\rest-api\endpoints\class-wp-rest-templates-controller.php on line 769
[14-Apr-2024 04:04:36 UTC] PHP Warning:  Attempt to read property "author" on null in C:\Users\Shekhani Laptops\Local Sites\divi-theme\app\public\wp-includes\rest-api\endpoints\class-wp-rest-templates-controller.php on line 829
[14-Apr-2024 04:04:36 UTC] PHP Warning:  Attempt to read property "type" on null in C:\Users\Shekhani Laptops\Local Sites\divi-theme\app\public\wp-includes\rest-api\endpoints\class-wp-rest-templates-controller.php on line 769
[14-Apr-2024 04:04:36 UTC] PHP Warning:  Attempt to read property "type" on null in C:\Users\Shekhani Laptops\Local Sites\divi-theme\app\public\wp-includes\rest-api\endpoints\class-wp-rest-templates-controller.php on line 769
[14-Apr-2024 04:04:36 UTC] PHP Warning:  Attempt to read property "id" on null in C:\Users\Shekhani Laptops\Local Sites\divi-theme\app\public\wp-includes\rest-api\endpoints\class-wp-rest-templates-controller.php on line 746
[14-Apr-2024 04:07:58 UTC] PHP Warning:  Attempt to read property "id" on null in C:\Users\Shekhani Laptops\Local Sites\divi-theme\app\public\wp-includes\rest-api\endpoints\class-wp-rest-templates-controller.php on line 647
[14-Apr-2024 04:07:58 UTC] PHP Warning:  Attempt to read property "theme" on null in C:\Users\Shekhani Laptops\Local Sites\divi-theme\app\public\wp-includes\rest-api\endpoints\class-wp-rest-templates-controller.php on line 651
[14-Apr-2024 04:07:58 UTC] PHP Warning:  Attempt to read property "content" on null in C:\Users\Shekhani Laptops\Local Sites\divi-theme\app\public\wp-includes\rest-api\endpoints\class-wp-rest-templates-controller.php on line 658
[14-Apr-2024 04:07:58 UTC] PHP Warning:  Attempt to read property "content" on null in C:\Users\Shekhani Laptops\Local Sites\divi-theme\app\public\wp-includes\rest-api\endpoints\class-wp-rest-templates-controller.php on line 662
[14-Apr-2024 04:07:58 UTC] PHP Warning:  Attempt to read property "slug" on null in C:\Users\Shekhani Laptops\Local Sites\divi-theme\app\public\wp-includes\rest-api\endpoints\class-wp-rest-templates-controller.php on line 666
[14-Apr-2024 04:07:58 UTC] PHP Warning:  Attempt to read property "source" on null in C:\Users\Shekhani Laptops\Local Sites\divi-theme\app\public\wp-includes\rest-api\endpoints\class-wp-rest-templates-controller.php on line 670
[14-Apr-2024 04:07:58 UTC] PHP Warning:  Attempt to read property "origin" on null in C:\Users\Shekhani Laptops\Local Sites\divi-theme\app\public\wp-includes\rest-api\endpoints\class-wp-rest-templates-controller.php on line 674
[14-Apr-2024 04:07:58 UTC] PHP Warning:  Attempt to read property "type" on null in C:\Users\Shekhani Laptops\Local Sites\divi-theme\app\public\wp-includes\rest-api\endpoints\class-wp-rest-templates-controller.php on line 678
[14-Apr-2024 04:07:58 UTC] PHP Warning:  Attempt to read property "description" on null in C:\Users\Shekhani Laptops\Local Sites\divi-theme\app\public\wp-includes\rest-api\endpoints\class-wp-rest-templates-controller.php on line 682
[14-Apr-2024 04:07:58 UTC] PHP Warning:  Attempt to read property "title" on null in C:\Users\Shekhani Laptops\Local Sites\divi-theme\app\public\wp-includes\rest-api\endpoints\class-wp-rest-templates-controller.php on line 690
[14-Apr-2024 04:07:58 UTC] PHP Warning:  Attempt to read property "wp_id" on null in C:\Users\Shekhani Laptops\Local Sites\divi-theme\app\public\wp-includes\rest-api\endpoints\class-wp-rest-templates-controller.php on line 694
[14-Apr-2024 04:07:58 UTC] PHP Warning:  Attempt to read property "title" on null in C:\Users\Shekhani Laptops\Local Sites\divi-theme\app\public\wp-includes\rest-api\endpoints\class-wp-rest-templates-controller.php on line 698
[14-Apr-2024 04:07:58 UTC] PHP Warning:  Attempt to read property "status" on null in C:\Users\Shekhani Laptops\Local Sites\divi-theme\app\public\wp-includes\rest-api\endpoints\class-wp-rest-templates-controller.php on line 703
[14-Apr-2024 04:07:58 UTC] PHP Warning:  Attempt to read property "wp_id" on null in C:\Users\Shekhani Laptops\Local Sites\divi-theme\app\public\wp-includes\rest-api\endpoints\class-wp-rest-templates-controller.php on line 707
[14-Apr-2024 04:07:58 UTC] PHP Warning:  Attempt to read property "has_theme_file" on null in C:\Users\Shekhani Laptops\Local Sites\divi-theme\app\public\wp-includes\rest-api\endpoints\class-wp-rest-templates-controller.php on line 711
[14-Apr-2024 04:07:58 UTC] PHP Warning:  Attempt to read property "type" on null in C:\Users\Shekhani Laptops\Local Sites\divi-theme\app\public\wp-includes\rest-api\endpoints\class-wp-rest-templates-controller.php on line 714
[14-Apr-2024 04:07:58 UTC] PHP Warning:  Attempt to read property "author" on null in C:\Users\Shekhani Laptops\Local Sites\divi-theme\app\public\wp-includes\rest-api\endpoints\class-wp-rest-templates-controller.php on line 719
[14-Apr-2024 04:07:58 UTC] PHP Warning:  Attempt to read property "modified" on null in C:\Users\Shekhani Laptops\Local Sites\divi-theme\app\public\wp-includes\rest-api\endpoints\class-wp-rest-templates-controller.php on line 727
[14-Apr-2024 04:07:58 UTC] PHP Warning:  Attempt to read property "type" on null in C:\Users\Shekhani Laptops\Local Sites\divi-theme\app\public\wp-includes\rest-api\endpoints\class-wp-rest-templates-controller.php on line 769
[14-Apr-2024 04:07:58 UTC] PHP Warning:  Attempt to read property "type" on null in C:\Users\Shekhani Laptops\Local Sites\divi-theme\app\public\wp-includes\rest-api\endpoints\class-wp-rest-templates-controller.php on line 769
[14-Apr-2024 04:07:58 UTC] PHP Warning:  Attempt to read property "author" on null in C:\Users\Shekhani Laptops\Local Sites\divi-theme\app\public\wp-includes\rest-api\endpoints\class-wp-rest-templates-controller.php on line 829
[14-Apr-2024 04:07:58 UTC] PHP Warning:  Attempt to read property "type" on null in C:\Users\Shekhani Laptops\Local Sites\divi-theme\app\public\wp-includes\rest-api\endpoints\class-wp-rest-templates-controller.php on line 769
[14-Apr-2024 04:07:58 UTC] PHP Warning:  Attempt to read property "type" on null in C:\Users\Shekhani Laptops\Local Sites\divi-theme\app\public\wp-includes\rest-api\endpoints\class-wp-rest-templates-controller.php on line 769
[14-Apr-2024 04:07:58 UTC] PHP Warning:  Attempt to read property "id" on null in C:\Users\Shekhani Laptops\Local Sites\divi-theme\app\public\wp-includes\rest-api\endpoints\class-wp-rest-templates-controller.php on line 746
[14-Apr-2024 04:08:55 UTC] PHP Warning:  Attempt to read property "id" on null in C:\Users\Shekhani Laptops\Local Sites\divi-theme\app\public\wp-includes\rest-api\endpoints\class-wp-rest-templates-controller.php on line 647
[14-Apr-2024 04:08:55 UTC] PHP Warning:  Attempt to read property "theme" on null in C:\Users\Shekhani Laptops\Local Sites\divi-theme\app\public\wp-includes\rest-api\endpoints\class-wp-rest-templates-controller.php on line 651
[14-Apr-2024 04:08:55 UTC] PHP Warning:  Attempt to read property "content" on null in C:\Users\Shekhani Laptops\Local Sites\divi-theme\app\public\wp-includes\rest-api\endpoints\class-wp-rest-templates-controller.php on line 658
[14-Apr-2024 04:08:55 UTC] PHP Warning:  Attempt to read property "content" on null in C:\Users\Shekhani Laptops\Local Sites\divi-theme\app\public\wp-includes\rest-api\endpoints\class-wp-rest-templates-controller.php on line 662
[14-Apr-2024 04:08:55 UTC] PHP Warning:  Attempt to read property "slug" on null in C:\Users\Shekhani Laptops\Local Sites\divi-theme\app\public\wp-includes\rest-api\endpoints\class-wp-rest-templates-controller.php on line 666
[14-Apr-2024 04:08:55 UTC] PHP Warning:  Attempt to read property "source" on null in C:\Users\Shekhani Laptops\Local Sites\divi-theme\app\public\wp-includes\rest-api\endpoints\class-wp-rest-templates-controller.php on line 670
[14-Apr-2024 04:08:55 UTC] PHP Warning:  Attempt to read property "origin" on null in C:\Users\Shekhani Laptops\Local Sites\divi-theme\app\public\wp-includes\rest-api\endpoints\class-wp-rest-templates-controller.php on line 674
[14-Apr-2024 04:08:55 UTC] PHP Warning:  Attempt to read property "type" on null in C:\Users\Shekhani Laptops\Local Sites\divi-theme\app\public\wp-includes\rest-api\endpoints\class-wp-rest-templates-controller.php on line 678
[14-Apr-2024 04:08:55 UTC] PHP Warning:  Attempt to read property "description" on null in C:\Users\Shekhani Laptops\Local Sites\divi-theme\app\public\wp-includes\rest-api\endpoints\class-wp-rest-templates-controller.php on line 682
[14-Apr-2024 04:08:55 UTC] PHP Warning:  Attempt to read property "title" on null in C:\Users\Shekhani Laptops\Local Sites\divi-theme\app\public\wp-includes\rest-api\endpoints\class-wp-rest-templates-controller.php on line 690
[14-Apr-2024 04:08:55 UTC] PHP Warning:  Attempt to read property "wp_id" on null in C:\Users\Shekhani Laptops\Local Sites\divi-theme\app\public\wp-includes\rest-api\endpoints\class-wp-rest-templates-controller.php on line 694
[14-Apr-2024 04:08:55 UTC] PHP Warning:  Attempt to read property "title" on null in C:\Users\Shekhani Laptops\Local Sites\divi-theme\app\public\wp-includes\rest-api\endpoints\class-wp-rest-templates-controller.php on line 698
[14-Apr-2024 04:08:55 UTC] PHP Warning:  Attempt to read property "status" on null in C:\Users\Shekhani Laptops\Local Sites\divi-theme\app\public\wp-includes\rest-api\endpoints\class-wp-rest-templates-controller.php on line 703
[14-Apr-2024 04:08:55 UTC] PHP Warning:  Attempt to read property "wp_id" on null in C:\Users\Shekhani Laptops\Local Sites\divi-theme\app\public\wp-includes\rest-api\endpoints\class-wp-rest-templates-controller.php on line 707
[14-Apr-2024 04:08:55 UTC] PHP Warning:  Attempt to read property "has_theme_file" on null in C:\Users\Shekhani Laptops\Local Sites\divi-theme\app\public\wp-includes\rest-api\endpoints\class-wp-rest-templates-controller.php on line 711
[14-Apr-2024 04:08:55 UTC] PHP Warning:  Attempt to read property "type" on null in C:\Users\Shekhani Laptops\Local Sites\divi-theme\app\public\wp-includes\rest-api\endpoints\class-wp-rest-templates-controller.php on line 714
[14-Apr-2024 04:08:55 UTC] PHP Warning:  Attempt to read property "author" on null in C:\Users\Shekhani Laptops\Local Sites\divi-theme\app\public\wp-includes\rest-api\endpoints\class-wp-rest-templates-controller.php on line 719
[14-Apr-2024 04:08:55 UTC] PHP Warning:  Attempt to read property "modified" on null in C:\Users\Shekhani Laptops\Local Sites\divi-theme\app\public\wp-includes\rest-api\endpoints\class-wp-rest-templates-controller.php on line 727
[14-Apr-2024 04:08:55 UTC] PHP Warning:  Attempt to read property "type" on null in C:\Users\Shekhani Laptops\Local Sites\divi-theme\app\public\wp-includes\rest-api\endpoints\class-wp-rest-templates-controller.php on line 769
[14-Apr-2024 04:08:55 UTC] PHP Warning:  Attempt to read property "type" on null in C:\Users\Shekhani Laptops\Local Sites\divi-theme\app\public\wp-includes\rest-api\endpoints\class-wp-rest-templates-controller.php on line 769
[14-Apr-2024 04:08:55 UTC] PHP Warning:  Attempt to read property "author" on null in C:\Users\Shekhani Laptops\Local Sites\divi-theme\app\public\wp-includes\rest-api\endpoints\class-wp-rest-templates-controller.php on line 829
[14-Apr-2024 04:08:55 UTC] PHP Warning:  Attempt to read property "type" on null in C:\Users\Shekhani Laptops\Local Sites\divi-theme\app\public\wp-includes\rest-api\endpoints\class-wp-rest-templates-controller.php on line 769
[14-Apr-2024 04:08:55 UTC] PHP Warning:  Attempt to read property "type" on null in C:\Users\Shekhani Laptops\Local Sites\divi-theme\app\public\wp-includes\rest-api\endpoints\class-wp-rest-templates-controller.php on line 769
[14-Apr-2024 04:08:55 UTC] PHP Warning:  Attempt to read property "id" on null in C:\Users\Shekhani Laptops\Local Sites\divi-theme\app\public\wp-includes\rest-api\endpoints\class-wp-rest-templates-controller.php on line 746
[14-Apr-2024 04:09:03 UTC] PHP Warning:  Attempt to read property "id" on null in C:\Users\Shekhani Laptops\Local Sites\divi-theme\app\public\wp-includes\rest-api\endpoints\class-wp-rest-templates-controller.php on line 647
[14-Apr-2024 04:09:03 UTC] PHP Warning:  Attempt to read property "theme" on null in C:\Users\Shekhani Laptops\Local Sites\divi-theme\app\public\wp-includes\rest-api\endpoints\class-wp-rest-templates-controller.php on line 651
[14-Apr-2024 04:09:03 UTC] PHP Warning:  Attempt to read property "content" on null in C:\Users\Shekhani Laptops\Local Sites\divi-theme\app\public\wp-includes\rest-api\endpoints\class-wp-rest-templates-controller.php on line 658
[14-Apr-2024 04:09:03 UTC] PHP Warning:  Attempt to read property "content" on null in C:\Users\Shekhani Laptops\Local Sites\divi-theme\app\public\wp-includes\rest-api\endpoints\class-wp-rest-templates-controller.php on line 662
[14-Apr-2024 04:09:03 UTC] PHP Warning:  Attempt to read property "slug" on null in C:\Users\Shekhani Laptops\Local Sites\divi-theme\app\public\wp-includes\rest-api\endpoints\class-wp-rest-templates-controller.php on line 666
[14-Apr-2024 04:09:03 UTC] PHP Warning:  Attempt to read property "source" on null in C:\Users\Shekhani Laptops\Local Sites\divi-theme\app\public\wp-includes\rest-api\endpoints\class-wp-rest-templates-controller.php on line 670
[14-Apr-2024 04:09:03 UTC] PHP Warning:  Attempt to read property "origin" on null in C:\Users\Shekhani Laptops\Local Sites\divi-theme\app\public\wp-includes\rest-api\endpoints\class-wp-rest-templates-controller.php on line 674
[14-Apr-2024 04:09:03 UTC] PHP Warning:  Attempt to read property "type" on null in C:\Users\Shekhani Laptops\Local Sites\divi-theme\app\public\wp-includes\rest-api\endpoints\class-wp-rest-templates-controller.php on line 678
[14-Apr-2024 04:09:03 UTC] PHP Warning:  Attempt to read property "description" on null in C:\Users\Shekhani Laptops\Local Sites\divi-theme\app\public\wp-includes\rest-api\endpoints\class-wp-rest-templates-controller.php on line 682
[14-Apr-2024 04:09:03 UTC] PHP Warning:  Attempt to read property "title" on null in C:\Users\Shekhani Laptops\Local Sites\divi-theme\app\public\wp-includes\rest-api\endpoints\class-wp-rest-templates-controller.php on line 690
[14-Apr-2024 04:09:03 UTC] PHP Warning:  Attempt to read property "wp_id" on null in C:\Users\Shekhani Laptops\Local Sites\divi-theme\app\public\wp-includes\rest-api\endpoints\class-wp-rest-templates-controller.php on line 694
[14-Apr-2024 04:09:03 UTC] PHP Warning:  Attempt to read property "title" on null in C:\Users\Shekhani Laptops\Local Sites\divi-theme\app\public\wp-includes\rest-api\endpoints\class-wp-rest-templates-controller.php on line 698
[14-Apr-2024 04:09:03 UTC] PHP Warning:  Attempt to read property "status" on null in C:\Users\Shekhani Laptops\Local Sites\divi-theme\app\public\wp-includes\rest-api\endpoints\class-wp-rest-templates-controller.php on line 703
[14-Apr-2024 04:09:03 UTC] PHP Warning:  Attempt to read property "wp_id" on null in C:\Users\Shekhani Laptops\Local Sites\divi-theme\app\public\wp-includes\rest-api\endpoints\class-wp-rest-templates-controller.php on line 707
[14-Apr-2024 04:09:03 UTC] PHP Warning:  Attempt to read property "has_theme_file" on null in C:\Users\Shekhani Laptops\Local Sites\divi-theme\app\public\wp-includes\rest-api\endpoints\class-wp-rest-templates-controller.php on line 711
[14-Apr-2024 04:09:03 UTC] PHP Warning:  Attempt to read property "type" on null in C:\Users\Shekhani Laptops\Local Sites\divi-theme\app\public\wp-includes\rest-api\endpoints\class-wp-rest-templates-controller.php on line 714
[14-Apr-2024 04:09:03 UTC] PHP Warning:  Attempt to read property "author" on null in C:\Users\Shekhani Laptops\Local Sites\divi-theme\app\public\wp-includes\rest-api\endpoints\class-wp-rest-templates-controller.php on line 719
[14-Apr-2024 04:09:03 UTC] PHP Warning:  Attempt to read property "modified" on null in C:\Users\Shekhani Laptops\Local Sites\divi-theme\app\public\wp-includes\rest-api\endpoints\class-wp-rest-templates-controller.php on line 727
[14-Apr-2024 04:09:03 UTC] PHP Warning:  Attempt to read property "type" on null in C:\Users\Shekhani Laptops\Local Sites\divi-theme\app\public\wp-includes\rest-api\endpoints\class-wp-rest-templates-controller.php on line 769
[14-Apr-2024 04:09:03 UTC] PHP Warning:  Attempt to read property "type" on null in C:\Users\Shekhani Laptops\Local Sites\divi-theme\app\public\wp-includes\rest-api\endpoints\class-wp-rest-templates-controller.php on line 769
[14-Apr-2024 04:09:03 UTC] PHP Warning:  Attempt to read property "author" on null in C:\Users\Shekhani Laptops\Local Sites\divi-theme\app\public\wp-includes\rest-api\endpoints\class-wp-rest-templates-controller.php on line 829
[14-Apr-2024 04:09:03 UTC] PHP Warning:  Attempt to read property "type" on null in C:\Users\Shekhani Laptops\Local Sites\divi-theme\app\public\wp-includes\rest-api\endpoints\class-wp-rest-templates-controller.php on line 769
[14-Apr-2024 04:09:03 UTC] PHP Warning:  Attempt to read property "type" on null in C:\Users\Shekhani Laptops\Local Sites\divi-theme\app\public\wp-includes\rest-api\endpoints\class-wp-rest-templates-controller.php on line 769
[14-Apr-2024 04:09:03 UTC] PHP Warning:  Attempt to read property "id" on null in C:\Users\Shekhani Laptops\Local Sites\divi-theme\app\public\wp-includes\rest-api\endpoints\class-wp-rest-templates-controller.php on line 746
[14-Apr-2024 04:10:22 UTC] PHP Warning:  Attempt to read property "id" on null in C:\Users\Shekhani Laptops\Local Sites\divi-theme\app\public\wp-includes\rest-api\endpoints\class-wp-rest-templates-controller.php on line 647
[14-Apr-2024 04:10:22 UTC] PHP Warning:  Attempt to read property "theme" on null in C:\Users\Shekhani Laptops\Local Sites\divi-theme\app\public\wp-includes\rest-api\endpoints\class-wp-rest-templates-controller.php on line 651
[14-Apr-2024 04:10:22 UTC] PHP Warning:  Attempt to read property "content" on null in C:\Users\Shekhani Laptops\Local Sites\divi-theme\app\public\wp-includes\rest-api\endpoints\class-wp-rest-templates-controller.php on line 658
[14-Apr-2024 04:10:22 UTC] PHP Warning:  Attempt to read property "content" on null in C:\Users\Shekhani Laptops\Local Sites\divi-theme\app\public\wp-includes\rest-api\endpoints\class-wp-rest-templates-controller.php on line 662
[14-Apr-2024 04:10:22 UTC] PHP Warning:  Attempt to read property "slug" on null in C:\Users\Shekhani Laptops\Local Sites\divi-theme\app\public\wp-includes\rest-api\endpoints\class-wp-rest-templates-controller.php on line 666
[14-Apr-2024 04:10:22 UTC] PHP Warning:  Attempt to read property "source" on null in C:\Users\Shekhani Laptops\Local Sites\divi-theme\app\public\wp-includes\rest-api\endpoints\class-wp-rest-templates-controller.php on line 670
[14-Apr-2024 04:10:22 UTC] PHP Warning:  Attempt to read property "origin" on null in C:\Users\Shekhani Laptops\Local Sites\divi-theme\app\public\wp-includes\rest-api\endpoints\class-wp-rest-templates-controller.php on line 674
[14-Apr-2024 04:10:22 UTC] PHP Warning:  Attempt to read property "type" on null in C:\Users\Shekhani Laptops\Local Sites\divi-theme\app\public\wp-includes\rest-api\endpoints\class-wp-rest-templates-controller.php on line 678
[14-Apr-2024 04:10:22 UTC] PHP Warning:  Attempt to read property "description" on null in C:\Users\Shekhani Laptops\Local Sites\divi-theme\app\public\wp-includes\rest-api\endpoints\class-wp-rest-templates-controller.php on line 682
[14-Apr-2024 04:10:22 UTC] PHP Warning:  Attempt to read property "title" on null in C:\Users\Shekhani Laptops\Local Sites\divi-theme\app\public\wp-includes\rest-api\endpoints\class-wp-rest-templates-controller.php on line 690
[14-Apr-2024 04:10:22 UTC] PHP Warning:  Attempt to read property "wp_id" on null in C:\Users\Shekhani Laptops\Local Sites\divi-theme\app\public\wp-includes\rest-api\endpoints\class-wp-rest-templates-controller.php on line 694
[14-Apr-2024 04:10:22 UTC] PHP Warning:  Attempt to read property "title" on null in C:\Users\Shekhani Laptops\Local Sites\divi-theme\app\public\wp-includes\rest-api\endpoints\class-wp-rest-templates-controller.php on line 698
[14-Apr-2024 04:10:22 UTC] PHP Warning:  Attempt to read property "status" on null in C:\Users\Shekhani Laptops\Local Sites\divi-theme\app\public\wp-includes\rest-api\endpoints\class-wp-rest-templates-controller.php on line 703
[14-Apr-2024 04:10:22 UTC] PHP Warning:  Attempt to read property "wp_id" on null in C:\Users\Shekhani Laptops\Local Sites\divi-theme\app\public\wp-includes\rest-api\endpoints\class-wp-rest-templates-controller.php on line 707
[14-Apr-2024 04:10:22 UTC] PHP Warning:  Attempt to read property "has_theme_file" on null in C:\Users\Shekhani Laptops\Local Sites\divi-theme\app\public\wp-includes\rest-api\endpoints\class-wp-rest-templates-controller.php on line 711
[14-Apr-2024 04:10:22 UTC] PHP Warning:  Attempt to read property "type" on null in C:\Users\Shekhani Laptops\Local Sites\divi-theme\app\public\wp-includes\rest-api\endpoints\class-wp-rest-templates-controller.php on line 714
[14-Apr-2024 04:10:22 UTC] PHP Warning:  Attempt to read property "author" on null in C:\Users\Shekhani Laptops\Local Sites\divi-theme\app\public\wp-includes\rest-api\endpoints\class-wp-rest-templates-controller.php on line 719
[14-Apr-2024 04:10:22 UTC] PHP Warning:  Attempt to read property "modified" on null in C:\Users\Shekhani Laptops\Local Sites\divi-theme\app\public\wp-includes\rest-api\endpoints\class-wp-rest-templates-controller.php on line 727
[14-Apr-2024 04:10:22 UTC] PHP Warning:  Attempt to read property "type" on null in C:\Users\Shekhani Laptops\Local Sites\divi-theme\app\public\wp-includes\rest-api\endpoints\class-wp-rest-templates-controller.php on line 769
[14-Apr-2024 04:10:22 UTC] PHP Warning:  Attempt to read property "type" on null in C:\Users\Shekhani Laptops\Local Sites\divi-theme\app\public\wp-includes\rest-api\endpoints\class-wp-rest-templates-controller.php on line 769
[14-Apr-2024 04:10:22 UTC] PHP Warning:  Attempt to read property "author" on null in C:\Users\Shekhani Laptops\Local Sites\divi-theme\app\public\wp-includes\rest-api\endpoints\class-wp-rest-templates-controller.php on line 829
[14-Apr-2024 04:10:22 UTC] PHP Warning:  Attempt to read property "type" on null in C:\Users\Shekhani Laptops\Local Sites\divi-theme\app\public\wp-includes\rest-api\endpoints\class-wp-rest-templates-controller.php on line 769
[14-Apr-2024 04:10:22 UTC] PHP Warning:  Attempt to read property "type" on null in C:\Users\Shekhani Laptops\Local Sites\divi-theme\app\public\wp-includes\rest-api\endpoints\class-wp-rest-templates-controller.php on line 769
[14-Apr-2024 04:10:22 UTC] PHP Warning:  Attempt to read property "id" on null in C:\Users\Shekhani Laptops\Local Sites\divi-theme\app\public\wp-includes\rest-api\endpoints\class-wp-rest-templates-controller.php on line 746
[14-Apr-2024 04:13:14 UTC] PHP Warning:  Attempt to read property "id" on null in C:\Users\Shekhani Laptops\Local Sites\divi-theme\app\public\wp-includes\rest-api\endpoints\class-wp-rest-templates-controller.php on line 647
[14-Apr-2024 04:13:14 UTC] PHP Warning:  Attempt to read property "theme" on null in C:\Users\Shekhani Laptops\Local Sites\divi-theme\app\public\wp-includes\rest-api\endpoints\class-wp-rest-templates-controller.php on line 651
[14-Apr-2024 04:13:14 UTC] PHP Warning:  Attempt to read property "content" on null in C:\Users\Shekhani Laptops\Local Sites\divi-theme\app\public\wp-includes\rest-api\endpoints\class-wp-rest-templates-controller.php on line 658
[14-Apr-2024 04:13:14 UTC] PHP Warning:  Attempt to read property "content" on null in C:\Users\Shekhani Laptops\Local Sites\divi-theme\app\public\wp-includes\rest-api\endpoints\class-wp-rest-templates-controller.php on line 662
[14-Apr-2024 04:13:14 UTC] PHP Warning:  Attempt to read property "slug" on null in C:\Users\Shekhani Laptops\Local Sites\divi-theme\app\public\wp-includes\rest-api\endpoints\class-wp-rest-templates-controller.php on line 666
[14-Apr-2024 04:13:14 UTC] PHP Warning:  Attempt to read property "source" on null in C:\Users\Shekhani Laptops\Local Sites\divi-theme\app\public\wp-includes\rest-api\endpoints\class-wp-rest-templates-controller.php on line 670
[14-Apr-2024 04:13:14 UTC] PHP Warning:  Attempt to read property "origin" on null in C:\Users\Shekhani Laptops\Local Sites\divi-theme\app\public\wp-includes\rest-api\endpoints\class-wp-rest-templates-controller.php on line 674
[14-Apr-2024 04:13:14 UTC] PHP Warning:  Attempt to read property "type" on null in C:\Users\Shekhani Laptops\Local Sites\divi-theme\app\public\wp-includes\rest-api\endpoints\class-wp-rest-templates-controller.php on line 678
[14-Apr-2024 04:13:14 UTC] PHP Warning:  Attempt to read property "description" on null in C:\Users\Shekhani Laptops\Local Sites\divi-theme\app\public\wp-includes\rest-api\endpoints\class-wp-rest-templates-controller.php on line 682
[14-Apr-2024 04:13:14 UTC] PHP Warning:  Attempt to read property "title" on null in C:\Users\Shekhani Laptops\Local Sites\divi-theme\app\public\wp-includes\rest-api\endpoints\class-wp-rest-templates-controller.php on line 690
[14-Apr-2024 04:13:14 UTC] PHP Warning:  Attempt to read property "wp_id" on null in C:\Users\Shekhani Laptops\Local Sites\divi-theme\app\public\wp-includes\rest-api\endpoints\class-wp-rest-templates-controller.php on line 694
[14-Apr-2024 04:13:14 UTC] PHP Warning:  Attempt to read property "title" on null in C:\Users\Shekhani Laptops\Local Sites\divi-theme\app\public\wp-includes\rest-api\endpoints\class-wp-rest-templates-controller.php on line 698
[14-Apr-2024 04:13:14 UTC] PHP Warning:  Attempt to read property "status" on null in C:\Users\Shekhani Laptops\Local Sites\divi-theme\app\public\wp-includes\rest-api\endpoints\class-wp-rest-templates-controller.php on line 703
[14-Apr-2024 04:13:14 UTC] PHP Warning:  Attempt to read property "wp_id" on null in C:\Users\Shekhani Laptops\Local Sites\divi-theme\app\public\wp-includes\rest-api\endpoints\class-wp-rest-templates-controller.php on line 707
[14-Apr-2024 04:13:14 UTC] PHP Warning:  Attempt to read property "has_theme_file" on null in C:\Users\Shekhani Laptops\Local Sites\divi-theme\app\public\wp-includes\rest-api\endpoints\class-wp-rest-templates-controller.php on line 711
[14-Apr-2024 04:13:14 UTC] PHP Warning:  Attempt to read property "type" on null in C:\Users\Shekhani Laptops\Local Sites\divi-theme\app\public\wp-includes\rest-api\endpoints\class-wp-rest-templates-controller.php on line 714
[14-Apr-2024 04:13:14 UTC] PHP Warning:  Attempt to read property "author" on null in C:\Users\Shekhani Laptops\Local Sites\divi-theme\app\public\wp-includes\rest-api\endpoints\class-wp-rest-templates-controller.php on line 719
[14-Apr-2024 04:13:14 UTC] PHP Warning:  Attempt to read property "modified" on null in C:\Users\Shekhani Laptops\Local Sites\divi-theme\app\public\wp-includes\rest-api\endpoints\class-wp-rest-templates-controller.php on line 727
[14-Apr-2024 04:13:14 UTC] PHP Warning:  Attempt to read property "type" on null in C:\Users\Shekhani Laptops\Local Sites\divi-theme\app\public\wp-includes\rest-api\endpoints\class-wp-rest-templates-controller.php on line 769
[14-Apr-2024 04:13:14 UTC] PHP Warning:  Attempt to read property "type" on null in C:\Users\Shekhani Laptops\Local Sites\divi-theme\app\public\wp-includes\rest-api\endpoints\class-wp-rest-templates-controller.php on line 769
[14-Apr-2024 04:13:14 UTC] PHP Warning:  Attempt to read property "author" on null in C:\Users\Shekhani Laptops\Local Sites\divi-theme\app\public\wp-includes\rest-api\endpoints\class-wp-rest-templates-controller.php on line 829
[14-Apr-2024 04:13:14 UTC] PHP Warning:  Attempt to read property "type" on null in C:\Users\Shekhani Laptops\Local Sites\divi-theme\app\public\wp-includes\rest-api\endpoints\class-wp-rest-templates-controller.php on line 769
[14-Apr-2024 04:13:14 UTC] PHP Warning:  Attempt to read property "type" on null in C:\Users\Shekhani Laptops\Local Sites\divi-theme\app\public\wp-includes\rest-api\endpoints\class-wp-rest-templates-controller.php on line 769
[14-Apr-2024 04:13:14 UTC] PHP Warning:  Attempt to read property "id" on null in C:\Users\Shekhani Laptops\Local Sites\divi-theme\app\public\wp-includes\rest-api\endpoints\class-wp-rest-templates-controller.php on line 746
[14-Apr-2024 05:09:44 UTC] PHP Warning:  Attempt to read property "id" on null in C:\Users\Shekhani Laptops\Local Sites\divi-theme\app\public\wp-includes\rest-api\endpoints\class-wp-rest-templates-controller.php on line 647
[14-Apr-2024 05:09:44 UTC] PHP Warning:  Attempt to read property "theme" on null in C:\Users\Shekhani Laptops\Local Sites\divi-theme\app\public\wp-includes\rest-api\endpoints\class-wp-rest-templates-controller.php on line 651
[14-Apr-2024 05:09:44 UTC] PHP Warning:  Attempt to read property "content" on null in C:\Users\Shekhani Laptops\Local Sites\divi-theme\app\public\wp-includes\rest-api\endpoints\class-wp-rest-templates-controller.php on line 658
[14-Apr-2024 05:09:44 UTC] PHP Warning:  Attempt to read property "content" on null in C:\Users\Shekhani Laptops\Local Sites\divi-theme\app\public\wp-includes\rest-api\endpoints\class-wp-rest-templates-controller.php on line 662
[14-Apr-2024 05:09:44 UTC] PHP Warning:  Attempt to read property "slug" on null in C:\Users\Shekhani Laptops\Local Sites\divi-theme\app\public\wp-includes\rest-api\endpoints\class-wp-rest-templates-controller.php on line 666
[14-Apr-2024 05:09:44 UTC] PHP Warning:  Attempt to read property "source" on null in C:\Users\Shekhani Laptops\Local Sites\divi-theme\app\public\wp-includes\rest-api\endpoints\class-wp-rest-templates-controller.php on line 670
[14-Apr-2024 05:09:44 UTC] PHP Warning:  Attempt to read property "origin" on null in C:\Users\Shekhani Laptops\Local Sites\divi-theme\app\public\wp-includes\rest-api\endpoints\class-wp-rest-templates-controller.php on line 674
[14-Apr-2024 05:09:44 UTC] PHP Warning:  Attempt to read property "type" on null in C:\Users\Shekhani Laptops\Local Sites\divi-theme\app\public\wp-includes\rest-api\endpoints\class-wp-rest-templates-controller.php on line 678
[14-Apr-2024 05:09:44 UTC] PHP Warning:  Attempt to read property "description" on null in C:\Users\Shekhani Laptops\Local Sites\divi-theme\app\public\wp-includes\rest-api\endpoints\class-wp-rest-templates-controller.php on line 682
[14-Apr-2024 05:09:44 UTC] PHP Warning:  Attempt to read property "title" on null in C:\Users\Shekhani Laptops\Local Sites\divi-theme\app\public\wp-includes\rest-api\endpoints\class-wp-rest-templates-controller.php on line 690
[14-Apr-2024 05:09:44 UTC] PHP Warning:  Attempt to read property "wp_id" on null in C:\Users\Shekhani Laptops\Local Sites\divi-theme\app\public\wp-includes\rest-api\endpoints\class-wp-rest-templates-controller.php on line 694
[14-Apr-2024 05:09:44 UTC] PHP Warning:  Attempt to read property "title" on null in C:\Users\Shekhani Laptops\Local Sites\divi-theme\app\public\wp-includes\rest-api\endpoints\class-wp-rest-templates-controller.php on line 698
[14-Apr-2024 05:09:44 UTC] PHP Warning:  Attempt to read property "status" on null in C:\Users\Shekhani Laptops\Local Sites\divi-theme\app\public\wp-includes\rest-api\endpoints\class-wp-rest-templates-controller.php on line 703
[14-Apr-2024 05:09:44 UTC] PHP Warning:  Attempt to read property "wp_id" on null in C:\Users\Shekhani Laptops\Local Sites\divi-theme\app\public\wp-includes\rest-api\endpoints\class-wp-rest-templates-controller.php on line 707
[14-Apr-2024 05:09:44 UTC] PHP Warning:  Attempt to read property "has_theme_file" on null in C:\Users\Shekhani Laptops\Local Sites\divi-theme\app\public\wp-includes\rest-api\endpoints\class-wp-rest-templates-controller.php on line 711
[14-Apr-2024 05:09:44 UTC] PHP Warning:  Attempt to read property "type" on null in C:\Users\Shekhani Laptops\Local Sites\divi-theme\app\public\wp-includes\rest-api\endpoints\class-wp-rest-templates-controller.php on line 714
[14-Apr-2024 05:09:44 UTC] PHP Warning:  Attempt to read property "author" on null in C:\Users\Shekhani Laptops\Local Sites\divi-theme\app\public\wp-includes\rest-api\endpoints\class-wp-rest-templates-controller.php on line 719
[14-Apr-2024 05:09:44 UTC] PHP Warning:  Attempt to read property "modified" on null in C:\Users\Shekhani Laptops\Local Sites\divi-theme\app\public\wp-includes\rest-api\endpoints\class-wp-rest-templates-controller.php on line 727
[14-Apr-2024 05:09:44 UTC] PHP Warning:  Attempt to read property "type" on null in C:\Users\Shekhani Laptops\Local Sites\divi-theme\app\public\wp-includes\rest-api\endpoints\class-wp-rest-templates-controller.php on line 769
[14-Apr-2024 05:09:44 UTC] PHP Warning:  Attempt to read property "type" on null in C:\Users\Shekhani Laptops\Local Sites\divi-theme\app\public\wp-includes\rest-api\endpoints\class-wp-rest-templates-controller.php on line 769
[14-Apr-2024 05:09:44 UTC] PHP Warning:  Attempt to read property "author" on null in C:\Users\Shekhani Laptops\Local Sites\divi-theme\app\public\wp-includes\rest-api\endpoints\class-wp-rest-templates-controller.php on line 829
[14-Apr-2024 05:09:44 UTC] PHP Warning:  Attempt to read property "type" on null in C:\Users\Shekhani Laptops\Local Sites\divi-theme\app\public\wp-includes\rest-api\endpoints\class-wp-rest-templates-controller.php on line 769
[14-Apr-2024 05:09:44 UTC] PHP Warning:  Attempt to read property "type" on null in C:\Users\Shekhani Laptops\Local Sites\divi-theme\app\public\wp-includes\rest-api\endpoints\class-wp-rest-templates-controller.php on line 769
[14-Apr-2024 05:09:44 UTC] PHP Warning:  Attempt to read property "id" on null in C:\Users\Shekhani Laptops\Local Sites\divi-theme\app\public\wp-includes\rest-api\endpoints\class-wp-rest-templates-controller.php on line 746
